  Actor.cpp
E:\Hard disk vecchio\scola\Anno 3\Softwares\C++\Bomberman_Multiplayer_C++\BombermanMultiplayerC++\BombermanMultiplayerC++\Actor.h(5,10): fatal error C1083: Cannot open include file: 'SDL_image.h': No such file or directory
  byteconverter.cpp
E:\Hard disk vecchio\scola\Anno 3\Softwares\C++\Bomberman_Multiplayer_C++\BombermanMultiplayerC++\BombermanMultiplayerC++\byteconverter.cpp(90,2): warning C4091: 'static ': ignored on left of 'byteconverter' when no variable is declared
  Eggbomb.cpp
E:\Hard disk vecchio\scola\Anno 3\Softwares\C++\Bomberman_Multiplayer_C++\BombermanMultiplayerC++\BombermanMultiplayerC++\Actor.h(5,10): fatal error C1083: Cannot open include file: 'SDL_image.h': No such file or directory
  Eggsplosion.cpp
E:\Hard disk vecchio\scola\Anno 3\Softwares\C++\Bomberman_Multiplayer_C++\BombermanMultiplayerC++\BombermanMultiplayerC++\Actor.h(5,10): fatal error C1083: Cannot open include file: 'SDL_image.h': No such file or directory
  IUpdatable.h
  main.cpp
E:\Hard disk vecchio\scola\Anno 3\Softwares\C++\Bomberman_Multiplayer_C++\BombermanMultiplayerC++\BombermanMultiplayerC++\byteconverter.cpp(90,2): warning C4091: 'static ': ignored on left of 'byteconverter' when no variable is declared
E:\Hard disk vecchio\scola\Anno 3\Softwares\C++\Bomberman_Multiplayer_C++\BombermanMultiplayerC++\BombermanMultiplayerC++\NetworkManager.cpp(91,10): warning C4244: 'argument': conversion from 'SOCKET' to 'int', possible loss of data
E:\Hard disk vecchio\scola\Anno 3\Softwares\C++\Bomberman_Multiplayer_C++\BombermanMultiplayerC++\BombermanMultiplayerC++\Actor.h(5,10): fatal error C1083: Cannot open include file: 'SDL_image.h': No such file or directory
  Map.cpp
E:\Hard disk vecchio\scola\Anno 3\Softwares\C++\Bomberman_Multiplayer_C++\BombermanMultiplayerC++\BombermanMultiplayerC++\Map.h(3,10): fatal error C1083: Cannot open include file: 'SDL.h': No such file or directory
  NetworkManager.cpp
E:\Hard disk vecchio\scola\Anno 3\Softwares\C++\Bomberman_Multiplayer_C++\BombermanMultiplayerC++\BombermanMultiplayerC++\byteconverter.cpp(90,2): warning C4091: 'static ': ignored on left of 'byteconverter' when no variable is declared
E:\Hard disk vecchio\scola\Anno 3\Softwares\C++\Bomberman_Multiplayer_C++\BombermanMultiplayerC++\BombermanMultiplayerC++\NetworkManager.cpp(91,10): warning C4244: 'argument': conversion from 'SOCKET' to 'int', possible loss of data
  OnlinePlayer.cpp
E:\Hard disk vecchio\scola\Anno 3\Softwares\C++\Bomberman_Multiplayer_C++\BombermanMultiplayerC++\BombermanMultiplayerC++\Actor.h(5,10): fatal error C1083: Cannot open include file: 'SDL_image.h': No such file or directory
  Player.cpp
E:\Hard disk vecchio\scola\Anno 3\Softwares\C++\Bomberman_Multiplayer_C++\BombermanMultiplayerC++\BombermanMultiplayerC++\byteconverter.cpp(90,2): warning C4091: 'static ': ignored on left of 'byteconverter' when no variable is declared
E:\Hard disk vecchio\scola\Anno 3\Softwares\C++\Bomberman_Multiplayer_C++\BombermanMultiplayerC++\BombermanMultiplayerC++\NetworkManager.cpp(91,10): warning C4244: 'argument': conversion from 'SOCKET' to 'int', possible loss of data
E:\Hard disk vecchio\scola\Anno 3\Softwares\C++\Bomberman_Multiplayer_C++\BombermanMultiplayerC++\BombermanMultiplayerC++\Actor.h(5,10): fatal error C1083: Cannot open include file: 'SDL_image.h': No such file or directory
  SDL_Object.cpp
E:\Hard disk vecchio\scola\Anno 3\Softwares\C++\Bomberman_Multiplayer_C++\BombermanMultiplayerC++\BombermanMultiplayerC++\SDL_Object.h(2,10): fatal error C1083: Cannot open include file: 'SDL.h': No such file or directory
  STB_LOADER.h
  TextureFactory.cpp
E:\Hard disk vecchio\scola\Anno 3\Softwares\C++\Bomberman_Multiplayer_C++\BombermanMultiplayerC++\BombermanMultiplayerC++\Actor.h(5,10): fatal error C1083: Cannot open include file: 'SDL_image.h': No such file or directory
  Time.cpp
  UpdateMgr.cpp
