c:\users\thoma\desktop\projects\bomb project\bombermanrepo\bomberman_multiplayer_c++\bombermanmultiplayerc++\x64\debug\bombermancore.pdb
c:\users\thoma\desktop\projects\bomb project\bombermanrepo\bomberman_multiplayer_c++\bombermanmultiplayerc++\x64\debug\bombermancore.idb
c:\users\thoma\desktop\projects\bomb project\bombermanrepo\bomberman_multiplayer_c++\bombermanmultiplayerc++\bombermancore\x64\debug\mapmanager.obj
c:\users\thoma\desktop\projects\bomb project\bombermanrepo\bomberman_multiplayer_c++\bombermanmultiplayerc++\bombermancore\x64\debug\networkbase.obj
c:\users\thoma\desktop\projects\bomb project\bombermanrepo\bomberman_multiplayer_c++\bombermanmultiplayerc++\bombermancore\x64\debug\updatemgr.obj
c:\users\thoma\desktop\projects\bomb project\bombermanrepo\bomberman_multiplayer_c++\bombermanmultiplayerc++\bombermancore\x64\debug\transform.obj
c:\users\thoma\desktop\projects\bomb project\bombermanrepo\bomberman_multiplayer_c++\bombermanmultiplayerc++\bombermancore\x64\debug\bombermantime.obj
c:\users\thoma\desktop\projects\bomb project\bombermanrepo\bomberman_multiplayer_c++\bombermanmultiplayerc++\bombermancore\x64\debug\texturefactory.obj
c:\users\thoma\desktop\projects\bomb project\bombermanrepo\bomberman_multiplayer_c++\bombermanmultiplayerc++\bombermancore\x64\debug\inetobject.obj
c:\users\thoma\desktop\projects\bomb project\bombermanrepo\bomberman_multiplayer_c++\bombermanmultiplayerc++\bombermancore\x64\debug\sdl_object.obj
c:\users\thoma\desktop\projects\bomb project\bombermanrepo\bomberman_multiplayer_c++\bombermanmultiplayerc++\bombermancore\x64\debug\scenemanager.obj
c:\users\thoma\desktop\projects\bomb project\bombermanrepo\bomberman_multiplayer_c++\bombermanmultiplayerc++\bombermancore\x64\debug\scene.obj
c:\users\thoma\desktop\projects\bomb project\bombermanrepo\bomberman_multiplayer_c++\bombermanmultiplayerc++\bombermancore\x64\debug\player.obj
c:\users\thoma\desktop\projects\bomb project\bombermanrepo\bomberman_multiplayer_c++\bombermanmultiplayerc++\bombermancore\x64\debug\onlineplayer.obj
c:\users\thoma\desktop\projects\bomb project\bombermanrepo\bomberman_multiplayer_c++\bombermanmultiplayerc++\bombermancore\x64\debug\localmap.obj
c:\users\thoma\desktop\projects\bomb project\bombermanrepo\bomberman_multiplayer_c++\bombermanmultiplayerc++\bombermancore\x64\debug\old_main.obj
c:\users\thoma\desktop\projects\bomb project\bombermanrepo\bomberman_multiplayer_c++\bombermanmultiplayerc++\bombermancore\x64\debug\eggsplosion.obj
c:\users\thoma\desktop\projects\bomb project\bombermanrepo\bomberman_multiplayer_c++\bombermanmultiplayerc++\bombermancore\x64\debug\eggbomb.obj
c:\users\thoma\desktop\projects\bomb project\bombermanrepo\bomberman_multiplayer_c++\bombermanmultiplayerc++\bombermancore\x64\debug\delegate.obj
c:\users\thoma\desktop\projects\bomb project\bombermanrepo\bomberman_multiplayer_c++\bombermanmultiplayerc++\bombermancore\x64\debug\byteconverter.obj
c:\users\thoma\desktop\projects\bomb project\bombermanrepo\bomberman_multiplayer_c++\bombermanmultiplayerc++\bombermancore\x64\debug\bombermanclientmgr.obj
c:\users\thoma\desktop\projects\bomb project\bombermanrepo\bomberman_multiplayer_c++\bombermanmultiplayerc++\bombermancore\x64\debug\actor.obj
c:\users\thoma\desktop\projects\bomb project\bombermanrepo\bomberman_multiplayer_c++\bombermanmultiplayerc++\bombermancore\x64\debug\networkpacket.obj
c:\users\thoma\desktop\projects\bomb project\bombermanrepo\bomberman_multiplayer_c++\bombermanmultiplayerc++\x64\debug\bombermancore.lib
c:\users\thoma\desktop\projects\bomb project\bombermanrepo\bomberman_multiplayer_c++\bombermanmultiplayerc++\bombermancore\x64\debug\bombermancore.tlog\cl.command.1.tlog
c:\users\thoma\desktop\projects\bomb project\bombermanrepo\bomberman_multiplayer_c++\bombermanmultiplayerc++\bombermancore\x64\debug\bombermancore.tlog\cl.items.tlog
c:\users\thoma\desktop\projects\bomb project\bombermanrepo\bomberman_multiplayer_c++\bombermanmultiplayerc++\bombermancore\x64\debug\bombermancore.tlog\cl.read.1.tlog
c:\users\thoma\desktop\projects\bomb project\bombermanrepo\bomberman_multiplayer_c++\bombermanmultiplayerc++\bombermancore\x64\debug\bombermancore.tlog\cl.write.1.tlog
c:\users\thoma\desktop\projects\bomb project\bombermanrepo\bomberman_multiplayer_c++\bombermanmultiplayerc++\bombermancore\x64\debug\bombermancore.tlog\lib-link.read.1.tlog
c:\users\thoma\desktop\projects\bomb project\bombermanrepo\bomberman_multiplayer_c++\bombermanmultiplayerc++\bombermancore\x64\debug\bombermancore.tlog\lib-link.write.1.tlog
c:\users\thoma\desktop\projects\bomb project\bombermanrepo\bomberman_multiplayer_c++\bombermanmultiplayerc++\bombermancore\x64\debug\bombermancore.tlog\lib.command.1.tlog
