C:\Program Files\Microsoft Visual Studio\2022\Community\MSBuild\Microsoft\VC\v170\Microsoft.CppBuild.targets(531,5): warning MSB8028: la directory intermedia (x64\Debug\) contiene file condivisi da un altro progetto (BombermanCppServer.vcxproj). Tale condizione può comportare un comportamento di pulizia e ricompilazione non corretto.
  ServerMap.cpp
  ActorData.cpp
C:\Users\thoma\OneDrive\Desktop\BombermanRepo\Bomberman_Multiplayer_C++\BombermanMultiplayerC++\BombermanServer\Src\NETCollision.h(9,2): warning C4099: 'Bomberman::NETCollision': il nome del tipo che in precedenza utilizzava 'class' ora utilizza 'struct'
C:\Users\thoma\OneDrive\Desktop\BombermanRepo\Bomberman_Multiplayer_C++\BombermanMultiplayerC++\BombermanServer\Src\NETCollision.h(8,9): message : vedere la dichiarazione di 'Bomberman::NETCollision'
C:\Users\thoma\OneDrive\Desktop\BombermanRepo\Bomberman_Multiplayer_C++\BombermanMultiplayerC++\BombermanServer\Src\NETRigidBody.h(9,20): warning C4099: 'Bomberman::NETCollision': il nome del tipo che in precedenza utilizzava 'struct' ora utilizza 'class'
C:\Users\thoma\OneDrive\Desktop\BombermanRepo\Bomberman_Multiplayer_C++\BombermanMultiplayerC++\BombermanServer\Src\NETCollision.h(8,9): message : vedere la dichiarazione di 'Bomberman::NETCollision'
C:\Program Files\Microsoft Visual Studio\2022\Community\VC\Tools\MSVC\14.37.32822\include\xutility(254,82): warning C4267: 'argomento': conversione da 'size_t' a 'int'. Possibile perdita di dati.
C:\Program Files\Microsoft Visual Studio\2022\Community\VC\Tools\MSVC\14.37.32822\include\memory(2104,18): message : vedere il riferimento all'istanza 'void std::_Construct_in_place<_Ty,unsigned __int64>(_Ty &,unsigned __int64 &&) noexcept(false)' della funzione modello di cui è in corso la compilazione
          with
          [
              _Ty=Bomberman::SerialData
          ]
C:\Program Files\Microsoft Visual Studio\2022\Community\VC\Tools\MSVC\14.37.32822\include\memory(2779,46): message : vedere il riferimento all'istanza 'std::_Ref_count_obj2<Bomberman::SerialData>::_Ref_count_obj2<_Ty>(_Ty &&)' della funzione modello di cui è in corso la compilazione
          with
          [
              _Ty=unsigned __int64
          ]
C:\Users\thoma\OneDrive\Desktop\BombermanRepo\Bomberman_Multiplayer_C++\BombermanMultiplayerC++\BombermanCore\Include\Engine\NetworkPacket.h(26,19): message : vedere il riferimento all'istanza 'std::shared_ptr<Bomberman::SerialData> std::make_shared<Bomberman::SerialData,unsigned __int64>(unsigned __int64 &&)' della funzione modello di cui è in corso la compilazione
  BoxCollider.cpp
C:\Users\thoma\OneDrive\Desktop\BombermanRepo\Bomberman_Multiplayer_C++\BombermanMultiplayerC++\BombermanServer\Src\NETCollision.h(9,2): warning C4099: 'Bomberman::NETCollision': il nome del tipo che in precedenza utilizzava 'class' ora utilizza 'struct'
C:\Users\thoma\OneDrive\Desktop\BombermanRepo\Bomberman_Multiplayer_C++\BombermanMultiplayerC++\BombermanServer\Src\NETCollision.h(8,9): message : vedere la dichiarazione di 'Bomberman::NETCollision'
  NETColliderFactory.cpp
C:\Users\thoma\OneDrive\Desktop\BombermanRepo\Bomberman_Multiplayer_C++\BombermanMultiplayerC++\BombermanServer\Src\NETCollision.h(9,2): warning C4099: 'Bomberman::NETCollision': il nome del tipo che in precedenza utilizzava 'class' ora utilizza 'struct'
C:\Users\thoma\OneDrive\Desktop\BombermanRepo\Bomberman_Multiplayer_C++\BombermanMultiplayerC++\BombermanServer\Src\NETCollision.h(8,9): message : vedere la dichiarazione di 'Bomberman::NETCollision'
C:\Users\thoma\OneDrive\Desktop\BombermanRepo\Bomberman_Multiplayer_C++\BombermanMultiplayerC++\BombermanServer\Src\NETRigidBody.h(9,20): warning C4099: 'Bomberman::NETCollision': il nome del tipo che in precedenza utilizzava 'struct' ora utilizza 'class'
C:\Users\thoma\OneDrive\Desktop\BombermanRepo\Bomberman_Multiplayer_C++\BombermanMultiplayerC++\BombermanServer\Src\NETCollision.h(8,9): message : vedere la dichiarazione di 'Bomberman::NETCollision'
  NETCollider.cpp
C:\Users\thoma\OneDrive\Desktop\BombermanRepo\Bomberman_Multiplayer_C++\BombermanMultiplayerC++\BombermanServer\Src\NETCollision.h(9,2): warning C4099: 'Bomberman::NETCollision': il nome del tipo che in precedenza utilizzava 'class' ora utilizza 'struct'
C:\Users\thoma\OneDrive\Desktop\BombermanRepo\Bomberman_Multiplayer_C++\BombermanMultiplayerC++\BombermanServer\Src\NETCollision.h(8,9): message : vedere la dichiarazione di 'Bomberman::NETCollision'
C:\Users\thoma\OneDrive\Desktop\BombermanRepo\Bomberman_Multiplayer_C++\BombermanMultiplayerC++\BombermanServer\Src\NETRigidBody.h(9,20): warning C4099: 'Bomberman::NETCollision': il nome del tipo che in precedenza utilizzava 'struct' ora utilizza 'class'
C:\Users\thoma\OneDrive\Desktop\BombermanRepo\Bomberman_Multiplayer_C++\BombermanMultiplayerC++\BombermanServer\Src\NETCollision.h(8,9): message : vedere la dichiarazione di 'Bomberman::NETCollision'
  main.cpp
C:\Program Files\Microsoft Visual Studio\2022\Community\VC\Tools\MSVC\14.37.32822\include\xutility(254,82): warning C4267: 'argomento': conversione da 'size_t' a 'int'. Possibile perdita di dati.
C:\Program Files\Microsoft Visual Studio\2022\Community\VC\Tools\MSVC\14.37.32822\include\memory(2104,18): message : vedere il riferimento all'istanza 'void std::_Construct_in_place<_Ty,unsigned __int64>(_Ty &,unsigned __int64 &&) noexcept(false)' della funzione modello di cui è in corso la compilazione
          with
          [
              _Ty=Bomberman::SerialData
          ]
C:\Program Files\Microsoft Visual Studio\2022\Community\VC\Tools\MSVC\14.37.32822\include\memory(2779,46): message : vedere il riferimento all'istanza 'std::_Ref_count_obj2<Bomberman::SerialData>::_Ref_count_obj2<_Ty>(_Ty &&)' della funzione modello di cui è in corso la compilazione
          with
          [
              _Ty=unsigned __int64
          ]
C:\Users\thoma\OneDrive\Desktop\BombermanRepo\Bomberman_Multiplayer_C++\BombermanMultiplayerC++\BombermanCore\Include\Engine\NetworkPacket.h(26,19): message : vedere il riferimento all'istanza 'std::shared_ptr<Bomberman::SerialData> std::make_shared<Bomberman::SerialData,unsigned __int64>(unsigned __int64 &&)' della funzione modello di cui è in corso la compilazione
  NETPhysicsMgr.cpp
C:\Users\thoma\OneDrive\Desktop\BombermanRepo\Bomberman_Multiplayer_C++\BombermanMultiplayerC++\BombermanServer\Src\NETCollision.h(9,2): warning C4099: 'Bomberman::NETCollision': il nome del tipo che in precedenza utilizzava 'class' ora utilizza 'struct'
C:\Users\thoma\OneDrive\Desktop\BombermanRepo\Bomberman_Multiplayer_C++\BombermanMultiplayerC++\BombermanServer\Src\NETCollision.h(8,9): message : vedere la dichiarazione di 'Bomberman::NETCollision'
C:\Users\thoma\OneDrive\Desktop\BombermanRepo\Bomberman_Multiplayer_C++\BombermanMultiplayerC++\BombermanServer\Src\NETPhysicsMgr.cpp(105,16): warning C4267: 'inizializzazione': conversione da 'size_t' a 'int'. Possibile perdita di dati.
  PlayerData.cpp
C:\Users\thoma\OneDrive\Desktop\BombermanRepo\Bomberman_Multiplayer_C++\BombermanMultiplayerC++\BombermanServer\Src\NETCollision.h(9,2): warning C4099: 'Bomberman::NETCollision': il nome del tipo che in precedenza utilizzava 'class' ora utilizza 'struct'
C:\Users\thoma\OneDrive\Desktop\BombermanRepo\Bomberman_Multiplayer_C++\BombermanMultiplayerC++\BombermanServer\Src\NETCollision.h(8,9): message : vedere la dichiarazione di 'Bomberman::NETCollision'
  NETRigidBody.cpp
C:\Users\thoma\OneDrive\Desktop\BombermanRepo\Bomberman_Multiplayer_C++\BombermanMultiplayerC++\BombermanServer\Src\NETCollision.h(9,2): warning C4099: 'Bomberman::NETCollision': il nome del tipo che in precedenza utilizzava 'class' ora utilizza 'struct'
C:\Users\thoma\OneDrive\Desktop\BombermanRepo\Bomberman_Multiplayer_C++\BombermanMultiplayerC++\BombermanServer\Src\NETCollision.h(8,9): message : vedere la dichiarazione di 'Bomberman::NETCollision'
  Server.cpp
C:\Users\thoma\OneDrive\Desktop\BombermanRepo\Bomberman_Multiplayer_C++\BombermanMultiplayerC++\BombermanServer\Src\NETCollision.h(9,2): warning C4099: 'Bomberman::NETCollision': il nome del tipo che in precedenza utilizzava 'class' ora utilizza 'struct'
C:\Users\thoma\OneDrive\Desktop\BombermanRepo\Bomberman_Multiplayer_C++\BombermanMultiplayerC++\BombermanServer\Src\NETCollision.h(8,9): message : vedere la dichiarazione di 'Bomberman::NETCollision'
C:\Users\thoma\OneDrive\Desktop\BombermanRepo\Bomberman_Multiplayer_C++\BombermanMultiplayerC++\BombermanServer\Src\Server.cpp(417,33): warning C4267: '+=': conversione da 'size_t' a 'int'. Possibile perdita di dati.
C:\Users\thoma\OneDrive\Desktop\BombermanRepo\Bomberman_Multiplayer_C++\BombermanMultiplayerC++\BombermanServer\Src\Server.cpp(419,24): warning C4267: 'inizializzazione': conversione da 'size_t' a 'int'. Possibile perdita di dati.
C:\Users\thoma\OneDrive\Desktop\BombermanRepo\Bomberman_Multiplayer_C++\BombermanMultiplayerC++\BombermanServer\Src\Server.cpp(423,86): warning C4267: 'argomento': conversione da 'size_t' a 'int'. Possibile perdita di dati.
C:\Users\thoma\OneDrive\Desktop\BombermanRepo\Bomberman_Multiplayer_C++\BombermanMultiplayerC++\BombermanServer\Src\Server.cpp(424,35): warning C4267: '+=': conversione da 'size_t' a 'unsigned int'. Possibile perdita di dati.
C:\Program Files\Microsoft Visual Studio\2022\Community\VC\Tools\MSVC\14.37.32822\include\xutility(254,82): warning C4267: 'argomento': conversione da 'size_t' a 'int'. Possibile perdita di dati.
C:\Program Files\Microsoft Visual Studio\2022\Community\VC\Tools\MSVC\14.37.32822\include\memory(2104,18): message : vedere il riferimento all'istanza 'void std::_Construct_in_place<_Ty,unsigned __int64>(_Ty &,unsigned __int64 &&) noexcept(false)' della funzione modello di cui è in corso la compilazione
          with
          [
              _Ty=Bomberman::SerialData
          ]
C:\Program Files\Microsoft Visual Studio\2022\Community\VC\Tools\MSVC\14.37.32822\include\memory(2779,46): message : vedere il riferimento all'istanza 'std::_Ref_count_obj2<Bomberman::SerialData>::_Ref_count_obj2<_Ty>(_Ty &&)' della funzione modello di cui è in corso la compilazione
          with
          [
              _Ty=unsigned __int64
          ]
C:\Users\thoma\OneDrive\Desktop\BombermanRepo\Bomberman_Multiplayer_C++\BombermanMultiplayerC++\BombermanCore\Include\Engine\NetworkPacket.h(26,19): message : vedere il riferimento all'istanza 'std::shared_ptr<Bomberman::SerialData> std::make_shared<Bomberman::SerialData,unsigned __int64>(unsigned __int64 &&)' della funzione modello di cui è in corso la compilazione
C:\Program Files\Microsoft Visual Studio\2022\Community\VC\Tools\MSVC\14.37.32822\include\xutility(254,82): warning C4244: 'argomento': conversione da 'int' a 'const float'. Possibile perdita di dati.
C:\Program Files\Microsoft Visual Studio\2022\Community\VC\Tools\MSVC\14.37.32822\include\memory(2104,18): message : vedere il riferimento all'istanza 'void std::_Construct_in_place<_Ty,int&,int&,int&,int&,bool&>(_Ty &,int &,int &,int &,int &,bool &) noexcept(false)' della funzione modello di cui è in corso la compilazione
          with
          [
              _Ty=Bomberman::Tile
          ]
C:\Program Files\Microsoft Visual Studio\2022\Community\VC\Tools\MSVC\14.37.32822\include\memory(2779,46): message : vedere il riferimento all'istanza 'std::_Ref_count_obj2<Bomberman::Tile>::_Ref_count_obj2<int&,int&,int&,int&,bool&>(int &,int &,int &,int &,bool &)' della funzione modello di cui è in corso la compilazione
C:\Users\thoma\OneDrive\Desktop\BombermanRepo\Bomberman_Multiplayer_C++\BombermanMultiplayerC++\BombermanServer\Src\Server.cpp(274,24): message : vedere il riferimento all'istanza 'std::shared_ptr<Bomberman::Tile> std::make_shared<Bomberman::Tile,int&,int&,int&,int&,bool&>(int &,int &,int &,int &,bool &)' della funzione modello di cui è in corso la compilazione
  Generazione del codice in corso...
C:\Users\thoma\OneDrive\Desktop\BombermanRepo\Bomberman_Multiplayer_C++\BombermanMultiplayerC++\BombermanCore\Include\Engine\Vector2.h(85): warning C4172: verrà restituito l'indirizzo del valore  temporaneo o della variabile locale
C:\Users\thoma\OneDrive\Desktop\BombermanRepo\Bomberman_Multiplayer_C++\BombermanMultiplayerC++\BombermanCore\Include\Engine\Vector2.h(90): warning C4172: verrà restituito l'indirizzo del valore  temporaneo o della variabile locale
C:\Users\thoma\OneDrive\Desktop\BombermanRepo\Bomberman_Multiplayer_C++\BombermanMultiplayerC++\BombermanCore\Include\Engine\Vector2.h(85): warning C4172: verrà restituito l'indirizzo del valore  temporaneo o della variabile locale
C:\Users\thoma\OneDrive\Desktop\BombermanRepo\Bomberman_Multiplayer_C++\BombermanMultiplayerC++\BombermanCore\Include\Engine\Vector2.h(44): warning C4172: verrà restituito l'indirizzo del valore : diff temporaneo o della variabile locale
LINK : warning LNK4300: '/INCREMENTAL' verrà ignorato perché il modulo di input contiene metadati ASAN
  BombermanServer.vcxproj -> C:\Users\thoma\OneDrive\Desktop\BombermanRepo\Bomberman_Multiplayer_C++\BombermanMultiplayerC++\x64\Debug\BombermanServer.exe
