c:\users\utente\desktop\hard disk vecchio\scola\anno 3\softwares\c++\bombermanrepo\bomberman_multiplayer_c++\bombermanmultiplayerc++\bombermanserver\x64\debug\vc143.pdb
c:\users\utente\desktop\hard disk vecchio\scola\anno 3\softwares\c++\bombermanrepo\bomberman_multiplayer_c++\bombermanmultiplayerc++\bombermanserver\x64\debug\server.obj
c:\users\utente\desktop\hard disk vecchio\scola\anno 3\softwares\c++\bombermanrepo\bomberman_multiplayer_c++\bombermanmultiplayerc++\bombermanserver\x64\debug\netrigidbody.obj
c:\users\utente\desktop\hard disk vecchio\scola\anno 3\softwares\c++\bombermanrepo\bomberman_multiplayer_c++\bombermanmultiplayerc++\bombermanserver\x64\debug\playerdata.obj
c:\users\utente\desktop\hard disk vecchio\scola\anno 3\softwares\c++\bombermanrepo\bomberman_multiplayer_c++\bombermanmultiplayerc++\bombermanserver\x64\debug\netphysicsmgr.obj
c:\users\utente\desktop\hard disk vecchio\scola\anno 3\softwares\c++\bombermanrepo\bomberman_multiplayer_c++\bombermanmultiplayerc++\bombermanserver\x64\debug\main.obj
c:\users\utente\desktop\hard disk vecchio\scola\anno 3\softwares\c++\bombermanrepo\bomberman_multiplayer_c++\bombermanmultiplayerc++\bombermanserver\x64\debug\netcollider.obj
c:\users\utente\desktop\hard disk vecchio\scola\anno 3\softwares\c++\bombermanrepo\bomberman_multiplayer_c++\bombermanmultiplayerc++\bombermanserver\x64\debug\netcolliderfactory.obj
c:\users\utente\desktop\hard disk vecchio\scola\anno 3\softwares\c++\bombermanrepo\bomberman_multiplayer_c++\bombermanmultiplayerc++\bombermanserver\x64\debug\boxcollider.obj
c:\users\utente\desktop\hard disk vecchio\scola\anno 3\softwares\c++\bombermanrepo\bomberman_multiplayer_c++\bombermanmultiplayerc++\bombermanserver\x64\debug\actordata.obj
c:\users\utente\desktop\hard disk vecchio\scola\anno 3\softwares\c++\bombermanrepo\bomberman_multiplayer_c++\bombermanmultiplayerc++\bombermanserver\x64\debug\servermap.obj
c:\users\utente\desktop\hard disk vecchio\scola\anno 3\softwares\c++\bombermanrepo\bomberman_multiplayer_c++\bombermanmultiplayerc++\x64\debug\bombermanserver.pdb
c:\users\utente\desktop\hard disk vecchio\scola\anno 3\softwares\c++\bombermanrepo\bomberman_multiplayer_c++\bombermanmultiplayerc++\bombermanserver\x64\debug\bombermanserver.tlog\cl.command.1.tlog
c:\users\utente\desktop\hard disk vecchio\scola\anno 3\softwares\c++\bombermanrepo\bomberman_multiplayer_c++\bombermanmultiplayerc++\bombermanserver\x64\debug\bombermanserver.tlog\cl.read.1.tlog
c:\users\utente\desktop\hard disk vecchio\scola\anno 3\softwares\c++\bombermanrepo\bomberman_multiplayer_c++\bombermanmultiplayerc++\bombermanserver\x64\debug\bombermanserver.tlog\cl.write.1.tlog
c:\users\utente\desktop\hard disk vecchio\scola\anno 3\softwares\c++\bombermanrepo\bomberman_multiplayer_c++\bombermanmultiplayerc++\bombermanserver\x64\debug\bombermanserver.tlog\link.17916-cvtres.read.1.tlog
c:\users\utente\desktop\hard disk vecchio\scola\anno 3\softwares\c++\bombermanrepo\bomberman_multiplayer_c++\bombermanmultiplayerc++\bombermanserver\x64\debug\bombermanserver.tlog\link.17916-cvtres.write.1.tlog
c:\users\utente\desktop\hard disk vecchio\scola\anno 3\softwares\c++\bombermanrepo\bomberman_multiplayer_c++\bombermanmultiplayerc++\bombermanserver\x64\debug\bombermanserver.tlog\link.17916-rc.read.1.tlog
c:\users\utente\desktop\hard disk vecchio\scola\anno 3\softwares\c++\bombermanrepo\bomberman_multiplayer_c++\bombermanmultiplayerc++\bombermanserver\x64\debug\bombermanserver.tlog\link.17916-rc.write.1.tlog
c:\users\utente\desktop\hard disk vecchio\scola\anno 3\softwares\c++\bombermanrepo\bomberman_multiplayer_c++\bombermanmultiplayerc++\bombermanserver\x64\debug\bombermanserver.tlog\link.17916.read.1.tlog
c:\users\utente\desktop\hard disk vecchio\scola\anno 3\softwares\c++\bombermanrepo\bomberman_multiplayer_c++\bombermanmultiplayerc++\bombermanserver\x64\debug\bombermanserver.tlog\link.17916.read.2.tlog
c:\users\utente\desktop\hard disk vecchio\scola\anno 3\softwares\c++\bombermanrepo\bomberman_multiplayer_c++\bombermanmultiplayerc++\bombermanserver\x64\debug\bombermanserver.tlog\link.17916.write.1.tlog
c:\users\utente\desktop\hard disk vecchio\scola\anno 3\softwares\c++\bombermanrepo\bomberman_multiplayer_c++\bombermanmultiplayerc++\bombermanserver\x64\debug\bombermanserver.tlog\link.18756-cvtres.read.1.tlog
c:\users\utente\desktop\hard disk vecchio\scola\anno 3\softwares\c++\bombermanrepo\bomberman_multiplayer_c++\bombermanmultiplayerc++\bombermanserver\x64\debug\bombermanserver.tlog\link.18756-cvtres.write.1.tlog
c:\users\utente\desktop\hard disk vecchio\scola\anno 3\softwares\c++\bombermanrepo\bomberman_multiplayer_c++\bombermanmultiplayerc++\bombermanserver\x64\debug\bombermanserver.tlog\link.18756-rc.read.1.tlog
c:\users\utente\desktop\hard disk vecchio\scola\anno 3\softwares\c++\bombermanrepo\bomberman_multiplayer_c++\bombermanmultiplayerc++\bombermanserver\x64\debug\bombermanserver.tlog\link.18756-rc.write.1.tlog
c:\users\utente\desktop\hard disk vecchio\scola\anno 3\softwares\c++\bombermanrepo\bomberman_multiplayer_c++\bombermanmultiplayerc++\bombermanserver\x64\debug\bombermanserver.tlog\link.18756.read.1.tlog
c:\users\utente\desktop\hard disk vecchio\scola\anno 3\softwares\c++\bombermanrepo\bomberman_multiplayer_c++\bombermanmultiplayerc++\bombermanserver\x64\debug\bombermanserver.tlog\link.18756.read.2.tlog
c:\users\utente\desktop\hard disk vecchio\scola\anno 3\softwares\c++\bombermanrepo\bomberman_multiplayer_c++\bombermanmultiplayerc++\bombermanserver\x64\debug\bombermanserver.tlog\link.18756.write.1.tlog
c:\users\utente\desktop\hard disk vecchio\scola\anno 3\softwares\c++\bombermanrepo\bomberman_multiplayer_c++\bombermanmultiplayerc++\bombermanserver\x64\debug\bombermanserver.tlog\link.34468-cvtres.read.1.tlog
c:\users\utente\desktop\hard disk vecchio\scola\anno 3\softwares\c++\bombermanrepo\bomberman_multiplayer_c++\bombermanmultiplayerc++\bombermanserver\x64\debug\bombermanserver.tlog\link.34468-cvtres.write.1.tlog
c:\users\utente\desktop\hard disk vecchio\scola\anno 3\softwares\c++\bombermanrepo\bomberman_multiplayer_c++\bombermanmultiplayerc++\bombermanserver\x64\debug\bombermanserver.tlog\link.34468-rc.read.1.tlog
c:\users\utente\desktop\hard disk vecchio\scola\anno 3\softwares\c++\bombermanrepo\bomberman_multiplayer_c++\bombermanmultiplayerc++\bombermanserver\x64\debug\bombermanserver.tlog\link.34468-rc.write.1.tlog
c:\users\utente\desktop\hard disk vecchio\scola\anno 3\softwares\c++\bombermanrepo\bomberman_multiplayer_c++\bombermanmultiplayerc++\bombermanserver\x64\debug\bombermanserver.tlog\link.34468.read.1.tlog
c:\users\utente\desktop\hard disk vecchio\scola\anno 3\softwares\c++\bombermanrepo\bomberman_multiplayer_c++\bombermanmultiplayerc++\bombermanserver\x64\debug\bombermanserver.tlog\link.34468.read.2.tlog
c:\users\utente\desktop\hard disk vecchio\scola\anno 3\softwares\c++\bombermanrepo\bomberman_multiplayer_c++\bombermanmultiplayerc++\bombermanserver\x64\debug\bombermanserver.tlog\link.34468.write.1.tlog
c:\users\utente\desktop\hard disk vecchio\scola\anno 3\softwares\c++\bombermanrepo\bomberman_multiplayer_c++\bombermanmultiplayerc++\bombermanserver\x64\debug\bombermanserver.tlog\link.3548-cvtres.read.1.tlog
c:\users\utente\desktop\hard disk vecchio\scola\anno 3\softwares\c++\bombermanrepo\bomberman_multiplayer_c++\bombermanmultiplayerc++\bombermanserver\x64\debug\bombermanserver.tlog\link.3548-cvtres.write.1.tlog
c:\users\utente\desktop\hard disk vecchio\scola\anno 3\softwares\c++\bombermanrepo\bomberman_multiplayer_c++\bombermanmultiplayerc++\bombermanserver\x64\debug\bombermanserver.tlog\link.3548-rc.read.1.tlog
c:\users\utente\desktop\hard disk vecchio\scola\anno 3\softwares\c++\bombermanrepo\bomberman_multiplayer_c++\bombermanmultiplayerc++\bombermanserver\x64\debug\bombermanserver.tlog\link.3548-rc.write.1.tlog
c:\users\utente\desktop\hard disk vecchio\scola\anno 3\softwares\c++\bombermanrepo\bomberman_multiplayer_c++\bombermanmultiplayerc++\bombermanserver\x64\debug\bombermanserver.tlog\link.3548.read.1.tlog
c:\users\utente\desktop\hard disk vecchio\scola\anno 3\softwares\c++\bombermanrepo\bomberman_multiplayer_c++\bombermanmultiplayerc++\bombermanserver\x64\debug\bombermanserver.tlog\link.3548.read.2.tlog
c:\users\utente\desktop\hard disk vecchio\scola\anno 3\softwares\c++\bombermanrepo\bomberman_multiplayer_c++\bombermanmultiplayerc++\bombermanserver\x64\debug\bombermanserver.tlog\link.3548.write.1.tlog
c:\users\utente\desktop\hard disk vecchio\scola\anno 3\softwares\c++\bombermanrepo\bomberman_multiplayer_c++\bombermanmultiplayerc++\bombermanserver\x64\debug\bombermanserver.tlog\link.command.1.tlog
c:\users\utente\desktop\hard disk vecchio\scola\anno 3\softwares\c++\bombermanrepo\bomberman_multiplayer_c++\bombermanmultiplayerc++\bombermanserver\x64\debug\bombermanserver.tlog\link.read.1.tlog
c:\users\utente\desktop\hard disk vecchio\scola\anno 3\softwares\c++\bombermanrepo\bomberman_multiplayer_c++\bombermanmultiplayerc++\bombermanserver\x64\debug\bombermanserver.tlog\link.read.2.tlog
c:\users\utente\desktop\hard disk vecchio\scola\anno 3\softwares\c++\bombermanrepo\bomberman_multiplayer_c++\bombermanmultiplayerc++\bombermanserver\x64\debug\bombermanserver.tlog\link.write.1.tlog
