C:\Program Files (x86)\Microsoft Visual Studio\2019\Community\MSBuild\Microsoft\VC\v160\Microsoft.CppBuild.targets(513,5): warning MSB8028: The intermediate directory (x64\Debug\) contains files shared from another project (BombermanMultiplayerC++.vcxproj).  This can lead to incorrect clean and rebuild behavior.
  Actor.cpp
C:\Users\utente\Desktop\Hard disk vecchio\scola\Anno 3\Softwares\C++\BombermanRepo\Bomberman_Multiplayer_C++\BombermanMultiplayerC++\BombermanMultiplayerC++\src\byteconverter.cpp(113,2): warning C4091: 'static ': ignored on left of 'byteconverter' when no variable is declared
C:\Users\utente\Desktop\Hard disk vecchio\scola\Anno 3\Softwares\C++\BombermanRepo\Bomberman_Multiplayer_C++\BombermanMultiplayerC++\BombermanMultiplayerC++\src\Transform.h(57,23): warning C4244: '=': conversion from 'int' to 'float', possible loss of data
C:\Users\utente\Desktop\Hard disk vecchio\scola\Anno 3\Softwares\C++\BombermanRepo\Bomberman_Multiplayer_C++\BombermanMultiplayerC++\BombermanMultiplayerC++\src\Transform.h(58,23): warning C4244: '=': conversion from 'int' to 'float', possible loss of data
C:\Users\utente\Desktop\Hard disk vecchio\scola\Anno 3\Softwares\C++\BombermanRepo\Bomberman_Multiplayer_C++\BombermanMultiplayerC++\BombermanMultiplayerC++\src\Transform.h(82,30): warning C4244: '=': conversion from 'const float' to 'int', possible loss of data
C:\Users\utente\Desktop\Hard disk vecchio\scola\Anno 3\Softwares\C++\BombermanRepo\Bomberman_Multiplayer_C++\BombermanMultiplayerC++\BombermanMultiplayerC++\src\Transform.h(83,30): warning C4244: '=': conversion from 'const float' to 'int', possible loss of data
C:\Users\utente\Desktop\Hard disk vecchio\scola\Anno 3\Softwares\C++\BombermanRepo\Bomberman_Multiplayer_C++\BombermanMultiplayerC++\BombermanMultiplayerC++\src\Transform.h(93,1): warning C4244: '+=': conversion from 'float' to 'int', possible loss of data
C:\Users\utente\Desktop\Hard disk vecchio\scola\Anno 3\Softwares\C++\BombermanRepo\Bomberman_Multiplayer_C++\BombermanMultiplayerC++\BombermanMultiplayerC++\src\Transform.h(94,1): warning C4244: '+=': conversion from 'float' to 'int', possible loss of data
C:\Users\utente\Desktop\Hard disk vecchio\scola\Anno 3\Softwares\C++\BombermanRepo\Bomberman_Multiplayer_C++\BombermanMultiplayerC++\BombermanMultiplayerC++\src\Actor.cpp(21,42): warning C4244: 'argument': conversion from 'int' to 'float', possible loss of data
C:\Users\utente\Desktop\Hard disk vecchio\scola\Anno 3\Softwares\C++\BombermanRepo\Bomberman_Multiplayer_C++\BombermanMultiplayerC++\BombermanMultiplayerC++\src\Actor.cpp(21,36): warning C4244: 'argument': conversion from 'int' to 'float', possible loss of data
  BoxCollider.cpp
C:\Users\utente\Desktop\Hard disk vecchio\scola\Anno 3\Softwares\C++\BombermanRepo\Bomberman_Multiplayer_C++\BombermanMultiplayerC++\BombermanMultiplayerC++\src\BoxCollider.cpp(19,16): warning C4244: 'initializing': conversion from 'double' to 'float', possible loss of data
C:\Users\utente\Desktop\Hard disk vecchio\scola\Anno 3\Softwares\C++\BombermanRepo\Bomberman_Multiplayer_C++\BombermanMultiplayerC++\BombermanMultiplayerC++\src\BoxCollider.cpp(26,16): warning C4244: 'initializing': conversion from 'double' to 'float', possible loss of data
  byteconverter.cpp
C:\Users\utente\Desktop\Hard disk vecchio\scola\Anno 3\Softwares\C++\BombermanRepo\Bomberman_Multiplayer_C++\BombermanMultiplayerC++\BombermanMultiplayerC++\src\byteconverter.cpp(113,2): warning C4091: 'static ': ignored on left of 'byteconverter' when no variable is declared
  Collider.cpp
C:\Users\utente\Desktop\Hard disk vecchio\scola\Anno 3\Softwares\C++\BombermanRepo\Bomberman_Multiplayer_C++\BombermanMultiplayerC++\BombermanMultiplayerC++\src\byteconverter.cpp(113,2): warning C4091: 'static ': ignored on left of 'byteconverter' when no variable is declared
C:\Users\utente\Desktop\Hard disk vecchio\scola\Anno 3\Softwares\C++\BombermanRepo\Bomberman_Multiplayer_C++\BombermanMultiplayerC++\BombermanMultiplayerC++\src\Transform.h(57,23): warning C4244: '=': conversion from 'int' to 'float', possible loss of data
C:\Users\utente\Desktop\Hard disk vecchio\scola\Anno 3\Softwares\C++\BombermanRepo\Bomberman_Multiplayer_C++\BombermanMultiplayerC++\BombermanMultiplayerC++\src\Transform.h(58,23): warning C4244: '=': conversion from 'int' to 'float', possible loss of data
C:\Users\utente\Desktop\Hard disk vecchio\scola\Anno 3\Softwares\C++\BombermanRepo\Bomberman_Multiplayer_C++\BombermanMultiplayerC++\BombermanMultiplayerC++\src\Transform.h(82,30): warning C4244: '=': conversion from 'const float' to 'int', possible loss of data
C:\Users\utente\Desktop\Hard disk vecchio\scola\Anno 3\Softwares\C++\BombermanRepo\Bomberman_Multiplayer_C++\BombermanMultiplayerC++\BombermanMultiplayerC++\src\Transform.h(83,30): warning C4244: '=': conversion from 'const float' to 'int', possible loss of data
C:\Users\utente\Desktop\Hard disk vecchio\scola\Anno 3\Softwares\C++\BombermanRepo\Bomberman_Multiplayer_C++\BombermanMultiplayerC++\BombermanMultiplayerC++\src\Transform.h(93,1): warning C4244: '+=': conversion from 'float' to 'int', possible loss of data
C:\Users\utente\Desktop\Hard disk vecchio\scola\Anno 3\Softwares\C++\BombermanRepo\Bomberman_Multiplayer_C++\BombermanMultiplayerC++\BombermanMultiplayerC++\src\Transform.h(94,1): warning C4244: '+=': conversion from 'float' to 'int', possible loss of data
  ColliderFactory.cpp
C:\Users\utente\Desktop\Hard disk vecchio\scola\Anno 3\Softwares\C++\BombermanRepo\Bomberman_Multiplayer_C++\BombermanMultiplayerC++\BombermanMultiplayerC++\src\byteconverter.cpp(113,2): warning C4091: 'static ': ignored on left of 'byteconverter' when no variable is declared
C:\Users\utente\Desktop\Hard disk vecchio\scola\Anno 3\Softwares\C++\BombermanRepo\Bomberman_Multiplayer_C++\BombermanMultiplayerC++\BombermanMultiplayerC++\src\Transform.h(57,23): warning C4244: '=': conversion from 'int' to 'float', possible loss of data
C:\Users\utente\Desktop\Hard disk vecchio\scola\Anno 3\Softwares\C++\BombermanRepo\Bomberman_Multiplayer_C++\BombermanMultiplayerC++\BombermanMultiplayerC++\src\Transform.h(58,23): warning C4244: '=': conversion from 'int' to 'float', possible loss of data
C:\Users\utente\Desktop\Hard disk vecchio\scola\Anno 3\Softwares\C++\BombermanRepo\Bomberman_Multiplayer_C++\BombermanMultiplayerC++\BombermanMultiplayerC++\src\Transform.h(82,30): warning C4244: '=': conversion from 'const float' to 'int', possible loss of data
C:\Users\utente\Desktop\Hard disk vecchio\scola\Anno 3\Softwares\C++\BombermanRepo\Bomberman_Multiplayer_C++\BombermanMultiplayerC++\BombermanMultiplayerC++\src\Transform.h(83,30): warning C4244: '=': conversion from 'const float' to 'int', possible loss of data
C:\Users\utente\Desktop\Hard disk vecchio\scola\Anno 3\Softwares\C++\BombermanRepo\Bomberman_Multiplayer_C++\BombermanMultiplayerC++\BombermanMultiplayerC++\src\Transform.h(93,1): warning C4244: '+=': conversion from 'float' to 'int', possible loss of data
C:\Users\utente\Desktop\Hard disk vecchio\scola\Anno 3\Softwares\C++\BombermanRepo\Bomberman_Multiplayer_C++\BombermanMultiplayerC++\BombermanMultiplayerC++\src\Transform.h(94,1): warning C4244: '+=': conversion from 'float' to 'int', possible loss of data
  Delegate.cpp
  Eggbomb.cpp
C:\Users\utente\Desktop\Hard disk vecchio\scola\Anno 3\Softwares\C++\BombermanRepo\Bomberman_Multiplayer_C++\BombermanMultiplayerC++\BombermanMultiplayerC++\src\byteconverter.cpp(113,2): warning C4091: 'static ': ignored on left of 'byteconverter' when no variable is declared
C:\Users\utente\Desktop\Hard disk vecchio\scola\Anno 3\Softwares\C++\BombermanRepo\Bomberman_Multiplayer_C++\BombermanMultiplayerC++\BombermanMultiplayerC++\src\Transform.h(57,23): warning C4244: '=': conversion from 'int' to 'float', possible loss of data
C:\Users\utente\Desktop\Hard disk vecchio\scola\Anno 3\Softwares\C++\BombermanRepo\Bomberman_Multiplayer_C++\BombermanMultiplayerC++\BombermanMultiplayerC++\src\Transform.h(58,23): warning C4244: '=': conversion from 'int' to 'float', possible loss of data
C:\Users\utente\Desktop\Hard disk vecchio\scola\Anno 3\Softwares\C++\BombermanRepo\Bomberman_Multiplayer_C++\BombermanMultiplayerC++\BombermanMultiplayerC++\src\Transform.h(82,30): warning C4244: '=': conversion from 'const float' to 'int', possible loss of data
C:\Users\utente\Desktop\Hard disk vecchio\scola\Anno 3\Softwares\C++\BombermanRepo\Bomberman_Multiplayer_C++\BombermanMultiplayerC++\BombermanMultiplayerC++\src\Transform.h(83,30): warning C4244: '=': conversion from 'const float' to 'int', possible loss of data
C:\Users\utente\Desktop\Hard disk vecchio\scola\Anno 3\Softwares\C++\BombermanRepo\Bomberman_Multiplayer_C++\BombermanMultiplayerC++\BombermanMultiplayerC++\src\Transform.h(93,1): warning C4244: '+=': conversion from 'float' to 'int', possible loss of data
C:\Users\utente\Desktop\Hard disk vecchio\scola\Anno 3\Softwares\C++\BombermanRepo\Bomberman_Multiplayer_C++\BombermanMultiplayerC++\BombermanMultiplayerC++\src\Transform.h(94,1): warning C4244: '+=': conversion from 'float' to 'int', possible loss of data
  Eggsplosion.cpp
C:\Users\utente\Desktop\Hard disk vecchio\scola\Anno 3\Softwares\C++\BombermanRepo\Bomberman_Multiplayer_C++\BombermanMultiplayerC++\BombermanMultiplayerC++\src\byteconverter.cpp(113,2): warning C4091: 'static ': ignored on left of 'byteconverter' when no variable is declared
C:\Users\utente\Desktop\Hard disk vecchio\scola\Anno 3\Softwares\C++\BombermanRepo\Bomberman_Multiplayer_C++\BombermanMultiplayerC++\BombermanMultiplayerC++\src\Transform.h(57,23): warning C4244: '=': conversion from 'int' to 'float', possible loss of data
C:\Users\utente\Desktop\Hard disk vecchio\scola\Anno 3\Softwares\C++\BombermanRepo\Bomberman_Multiplayer_C++\BombermanMultiplayerC++\BombermanMultiplayerC++\src\Transform.h(58,23): warning C4244: '=': conversion from 'int' to 'float', possible loss of data
C:\Users\utente\Desktop\Hard disk vecchio\scola\Anno 3\Softwares\C++\BombermanRepo\Bomberman_Multiplayer_C++\BombermanMultiplayerC++\BombermanMultiplayerC++\src\Transform.h(82,30): warning C4244: '=': conversion from 'const float' to 'int', possible loss of data
C:\Users\utente\Desktop\Hard disk vecchio\scola\Anno 3\Softwares\C++\BombermanRepo\Bomberman_Multiplayer_C++\BombermanMultiplayerC++\BombermanMultiplayerC++\src\Transform.h(83,30): warning C4244: '=': conversion from 'const float' to 'int', possible loss of data
C:\Users\utente\Desktop\Hard disk vecchio\scola\Anno 3\Softwares\C++\BombermanRepo\Bomberman_Multiplayer_C++\BombermanMultiplayerC++\BombermanMultiplayerC++\src\Transform.h(93,1): warning C4244: '+=': conversion from 'float' to 'int', possible loss of data
C:\Users\utente\Desktop\Hard disk vecchio\scola\Anno 3\Softwares\C++\BombermanRepo\Bomberman_Multiplayer_C++\BombermanMultiplayerC++\BombermanMultiplayerC++\src\Transform.h(94,1): warning C4244: '+=': conversion from 'float' to 'int', possible loss of data
  main.cpp
C:\Users\utente\Desktop\Hard disk vecchio\scola\Anno 3\Softwares\C++\BombermanRepo\Bomberman_Multiplayer_C++\BombermanMultiplayerC++\BombermanMultiplayerC++\src\byteconverter.cpp(113,2): warning C4091: 'static ': ignored on left of 'byteconverter' when no variable is declared
C:\Users\utente\Desktop\Hard disk vecchio\scola\Anno 3\Softwares\C++\BombermanRepo\Bomberman_Multiplayer_C++\BombermanMultiplayerC++\BombermanMultiplayerC++\src\Transform.h(57,23): warning C4244: '=': conversion from 'int' to 'float', possible loss of data
C:\Users\utente\Desktop\Hard disk vecchio\scola\Anno 3\Softwares\C++\BombermanRepo\Bomberman_Multiplayer_C++\BombermanMultiplayerC++\BombermanMultiplayerC++\src\Transform.h(58,23): warning C4244: '=': conversion from 'int' to 'float', possible loss of data
C:\Users\utente\Desktop\Hard disk vecchio\scola\Anno 3\Softwares\C++\BombermanRepo\Bomberman_Multiplayer_C++\BombermanMultiplayerC++\BombermanMultiplayerC++\src\Transform.h(82,30): warning C4244: '=': conversion from 'const float' to 'int', possible loss of data
C:\Users\utente\Desktop\Hard disk vecchio\scola\Anno 3\Softwares\C++\BombermanRepo\Bomberman_Multiplayer_C++\BombermanMultiplayerC++\BombermanMultiplayerC++\src\Transform.h(83,30): warning C4244: '=': conversion from 'const float' to 'int', possible loss of data
C:\Users\utente\Desktop\Hard disk vecchio\scola\Anno 3\Softwares\C++\BombermanRepo\Bomberman_Multiplayer_C++\BombermanMultiplayerC++\BombermanMultiplayerC++\src\Transform.h(93,1): warning C4244: '+=': conversion from 'float' to 'int', possible loss of data
C:\Users\utente\Desktop\Hard disk vecchio\scola\Anno 3\Softwares\C++\BombermanRepo\Bomberman_Multiplayer_C++\BombermanMultiplayerC++\BombermanMultiplayerC++\src\Transform.h(94,1): warning C4244: '+=': conversion from 'float' to 'int', possible loss of data
  Map.cpp
C:\Users\utente\Desktop\Hard disk vecchio\scola\Anno 3\Softwares\C++\BombermanRepo\Bomberman_Multiplayer_C++\BombermanMultiplayerC++\BombermanMultiplayerC++\src\byteconverter.cpp(113,2): warning C4091: 'static ': ignored on left of 'byteconverter' when no variable is declared
C:\Users\utente\Desktop\Hard disk vecchio\scola\Anno 3\Softwares\C++\BombermanRepo\Bomberman_Multiplayer_C++\BombermanMultiplayerC++\BombermanMultiplayerC++\src\Transform.h(57,23): warning C4244: '=': conversion from 'int' to 'float', possible loss of data
C:\Users\utente\Desktop\Hard disk vecchio\scola\Anno 3\Softwares\C++\BombermanRepo\Bomberman_Multiplayer_C++\BombermanMultiplayerC++\BombermanMultiplayerC++\src\Transform.h(58,23): warning C4244: '=': conversion from 'int' to 'float', possible loss of data
C:\Users\utente\Desktop\Hard disk vecchio\scola\Anno 3\Softwares\C++\BombermanRepo\Bomberman_Multiplayer_C++\BombermanMultiplayerC++\BombermanMultiplayerC++\src\Transform.h(82,30): warning C4244: '=': conversion from 'const float' to 'int', possible loss of data
C:\Users\utente\Desktop\Hard disk vecchio\scola\Anno 3\Softwares\C++\BombermanRepo\Bomberman_Multiplayer_C++\BombermanMultiplayerC++\BombermanMultiplayerC++\src\Transform.h(83,30): warning C4244: '=': conversion from 'const float' to 'int', possible loss of data
C:\Users\utente\Desktop\Hard disk vecchio\scola\Anno 3\Softwares\C++\BombermanRepo\Bomberman_Multiplayer_C++\BombermanMultiplayerC++\BombermanMultiplayerC++\src\Transform.h(93,1): warning C4244: '+=': conversion from 'float' to 'int', possible loss of data
C:\Users\utente\Desktop\Hard disk vecchio\scola\Anno 3\Softwares\C++\BombermanRepo\Bomberman_Multiplayer_C++\BombermanMultiplayerC++\BombermanMultiplayerC++\src\Transform.h(94,1): warning C4244: '+=': conversion from 'float' to 'int', possible loss of data
C:\Users\utente\Desktop\Hard disk vecchio\scola\Anno 3\Softwares\C++\BombermanRepo\Bomberman_Multiplayer_C++\BombermanMultiplayerC++\BombermanMultiplayerC++\src\Map.cpp(50,56): warning C4838: conversion from 'const float' to 'int' requires a narrowing conversion
C:\Users\utente\Desktop\Hard disk vecchio\scola\Anno 3\Softwares\C++\BombermanRepo\Bomberman_Multiplayer_C++\BombermanMultiplayerC++\BombermanMultiplayerC++\src\Map.cpp(50,56): warning C4244: 'initializing': conversion from 'const float' to 'int', possible loss of data
C:\Users\utente\Desktop\Hard disk vecchio\scola\Anno 3\Softwares\C++\BombermanRepo\Bomberman_Multiplayer_C++\BombermanMultiplayerC++\BombermanMultiplayerC++\src\Map.cpp(50,90): warning C4838: conversion from 'const float' to 'int' requires a narrowing conversion
C:\Users\utente\Desktop\Hard disk vecchio\scola\Anno 3\Softwares\C++\BombermanRepo\Bomberman_Multiplayer_C++\BombermanMultiplayerC++\BombermanMultiplayerC++\src\Map.cpp(50,90): warning C4244: 'initializing': conversion from 'const float' to 'int', possible loss of data
  NetworkManager.cpp
C:\Users\utente\Desktop\Hard disk vecchio\scola\Anno 3\Softwares\C++\BombermanRepo\Bomberman_Multiplayer_C++\BombermanMultiplayerC++\BombermanMultiplayerC++\src\byteconverter.cpp(113,2): warning C4091: 'static ': ignored on left of 'byteconverter' when no variable is declared
C:\Users\utente\Desktop\Hard disk vecchio\scola\Anno 3\Softwares\C++\BombermanRepo\Bomberman_Multiplayer_C++\BombermanMultiplayerC++\BombermanMultiplayerC++\src\Transform.h(57,23): warning C4244: '=': conversion from 'int' to 'float', possible loss of data
C:\Users\utente\Desktop\Hard disk vecchio\scola\Anno 3\Softwares\C++\BombermanRepo\Bomberman_Multiplayer_C++\BombermanMultiplayerC++\BombermanMultiplayerC++\src\Transform.h(58,23): warning C4244: '=': conversion from 'int' to 'float', possible loss of data
C:\Users\utente\Desktop\Hard disk vecchio\scola\Anno 3\Softwares\C++\BombermanRepo\Bomberman_Multiplayer_C++\BombermanMultiplayerC++\BombermanMultiplayerC++\src\Transform.h(82,30): warning C4244: '=': conversion from 'const float' to 'int', possible loss of data
C:\Users\utente\Desktop\Hard disk vecchio\scola\Anno 3\Softwares\C++\BombermanRepo\Bomberman_Multiplayer_C++\BombermanMultiplayerC++\BombermanMultiplayerC++\src\Transform.h(83,30): warning C4244: '=': conversion from 'const float' to 'int', possible loss of data
C:\Users\utente\Desktop\Hard disk vecchio\scola\Anno 3\Softwares\C++\BombermanRepo\Bomberman_Multiplayer_C++\BombermanMultiplayerC++\BombermanMultiplayerC++\src\Transform.h(93,1): warning C4244: '+=': conversion from 'float' to 'int', possible loss of data
C:\Users\utente\Desktop\Hard disk vecchio\scola\Anno 3\Softwares\C++\BombermanRepo\Bomberman_Multiplayer_C++\BombermanMultiplayerC++\BombermanMultiplayerC++\src\Transform.h(94,1): warning C4244: '+=': conversion from 'float' to 'int', possible loss of data
C:\Users\utente\Desktop\Hard disk vecchio\scola\Anno 3\Softwares\C++\BombermanRepo\Bomberman_Multiplayer_C++\BombermanMultiplayerC++\BombermanMultiplayerC++\src\NetworkManager.cpp(110,18): warning C4244: 'argument': conversion from 'SOCKET' to 'int', possible loss of data
C:\Users\utente\Desktop\Hard disk vecchio\scola\Anno 3\Softwares\C++\BombermanRepo\Bomberman_Multiplayer_C++\BombermanMultiplayerC++\BombermanMultiplayerC++\src\NetworkManager.cpp(192,41): warning C4267: 'initializing': conversion from 'size_t' to 'int', possible loss of data
  OnlinePlayer.cpp
C:\Users\utente\Desktop\Hard disk vecchio\scola\Anno 3\Softwares\C++\BombermanRepo\Bomberman_Multiplayer_C++\BombermanMultiplayerC++\BombermanMultiplayerC++\src\byteconverter.cpp(113,2): warning C4091: 'static ': ignored on left of 'byteconverter' when no variable is declared
C:\Users\utente\Desktop\Hard disk vecchio\scola\Anno 3\Softwares\C++\BombermanRepo\Bomberman_Multiplayer_C++\BombermanMultiplayerC++\BombermanMultiplayerC++\src\Transform.h(57,23): warning C4244: '=': conversion from 'int' to 'float', possible loss of data
C:\Users\utente\Desktop\Hard disk vecchio\scola\Anno 3\Softwares\C++\BombermanRepo\Bomberman_Multiplayer_C++\BombermanMultiplayerC++\BombermanMultiplayerC++\src\Transform.h(58,23): warning C4244: '=': conversion from 'int' to 'float', possible loss of data
C:\Users\utente\Desktop\Hard disk vecchio\scola\Anno 3\Softwares\C++\BombermanRepo\Bomberman_Multiplayer_C++\BombermanMultiplayerC++\BombermanMultiplayerC++\src\Transform.h(82,30): warning C4244: '=': conversion from 'const float' to 'int', possible loss of data
C:\Users\utente\Desktop\Hard disk vecchio\scola\Anno 3\Softwares\C++\BombermanRepo\Bomberman_Multiplayer_C++\BombermanMultiplayerC++\BombermanMultiplayerC++\src\Transform.h(83,30): warning C4244: '=': conversion from 'const float' to 'int', possible loss of data
C:\Users\utente\Desktop\Hard disk vecchio\scola\Anno 3\Softwares\C++\BombermanRepo\Bomberman_Multiplayer_C++\BombermanMultiplayerC++\BombermanMultiplayerC++\src\Transform.h(93,1): warning C4244: '+=': conversion from 'float' to 'int', possible loss of data
C:\Users\utente\Desktop\Hard disk vecchio\scola\Anno 3\Softwares\C++\BombermanRepo\Bomberman_Multiplayer_C++\BombermanMultiplayerC++\BombermanMultiplayerC++\src\Transform.h(94,1): warning C4244: '+=': conversion from 'float' to 'int', possible loss of data
C:\Users\utente\Desktop\Hard disk vecchio\scola\Anno 3\Softwares\C++\BombermanRepo\Bomberman_Multiplayer_C++\BombermanMultiplayerC++\BombermanMultiplayerC++\src\OnlinePlayer.cpp(26,71): warning C4244: 'argument': conversion from 'int' to 'const float', possible loss of data
C:\Users\utente\Desktop\Hard disk vecchio\scola\Anno 3\Softwares\C++\BombermanRepo\Bomberman_Multiplayer_C++\BombermanMultiplayerC++\BombermanMultiplayerC++\src\OnlinePlayer.cpp(26,46): warning C4244: 'argument': conversion from 'int' to 'const float', possible loss of data
  PhysicsMgr.cpp
C:\Users\utente\Desktop\Hard disk vecchio\scola\Anno 3\Softwares\C++\BombermanRepo\Bomberman_Multiplayer_C++\BombermanMultiplayerC++\BombermanMultiplayerC++\src\byteconverter.cpp(113,2): warning C4091: 'static ': ignored on left of 'byteconverter' when no variable is declared
C:\Users\utente\Desktop\Hard disk vecchio\scola\Anno 3\Softwares\C++\BombermanRepo\Bomberman_Multiplayer_C++\BombermanMultiplayerC++\BombermanMultiplayerC++\src\Transform.h(57,23): warning C4244: '=': conversion from 'int' to 'float', possible loss of data
C:\Users\utente\Desktop\Hard disk vecchio\scola\Anno 3\Softwares\C++\BombermanRepo\Bomberman_Multiplayer_C++\BombermanMultiplayerC++\BombermanMultiplayerC++\src\Transform.h(58,23): warning C4244: '=': conversion from 'int' to 'float', possible loss of data
C:\Users\utente\Desktop\Hard disk vecchio\scola\Anno 3\Softwares\C++\BombermanRepo\Bomberman_Multiplayer_C++\BombermanMultiplayerC++\BombermanMultiplayerC++\src\Transform.h(82,30): warning C4244: '=': conversion from 'const float' to 'int', possible loss of data
C:\Users\utente\Desktop\Hard disk vecchio\scola\Anno 3\Softwares\C++\BombermanRepo\Bomberman_Multiplayer_C++\BombermanMultiplayerC++\BombermanMultiplayerC++\src\Transform.h(83,30): warning C4244: '=': conversion from 'const float' to 'int', possible loss of data
C:\Users\utente\Desktop\Hard disk vecchio\scola\Anno 3\Softwares\C++\BombermanRepo\Bomberman_Multiplayer_C++\BombermanMultiplayerC++\BombermanMultiplayerC++\src\Transform.h(93,1): warning C4244: '+=': conversion from 'float' to 'int', possible loss of data
C:\Users\utente\Desktop\Hard disk vecchio\scola\Anno 3\Softwares\C++\BombermanRepo\Bomberman_Multiplayer_C++\BombermanMultiplayerC++\BombermanMultiplayerC++\src\Transform.h(94,1): warning C4244: '+=': conversion from 'float' to 'int', possible loss of data
C:\Users\utente\Desktop\Hard disk vecchio\scola\Anno 3\Softwares\C++\BombermanRepo\Bomberman_Multiplayer_C++\BombermanMultiplayerC++\BombermanMultiplayerC++\src\PhysicsMgr.cpp(103,31): warning C4267: 'initializing': conversion from 'size_t' to 'int', possible loss of data
  Player.cpp
C:\Users\utente\Desktop\Hard disk vecchio\scola\Anno 3\Softwares\C++\BombermanRepo\Bomberman_Multiplayer_C++\BombermanMultiplayerC++\BombermanMultiplayerC++\src\byteconverter.cpp(113,2): warning C4091: 'static ': ignored on left of 'byteconverter' when no variable is declared
C:\Users\utente\Desktop\Hard disk vecchio\scola\Anno 3\Softwares\C++\BombermanRepo\Bomberman_Multiplayer_C++\BombermanMultiplayerC++\BombermanMultiplayerC++\src\Transform.h(57,23): warning C4244: '=': conversion from 'int' to 'float', possible loss of data
C:\Users\utente\Desktop\Hard disk vecchio\scola\Anno 3\Softwares\C++\BombermanRepo\Bomberman_Multiplayer_C++\BombermanMultiplayerC++\BombermanMultiplayerC++\src\Transform.h(58,23): warning C4244: '=': conversion from 'int' to 'float', possible loss of data
C:\Users\utente\Desktop\Hard disk vecchio\scola\Anno 3\Softwares\C++\BombermanRepo\Bomberman_Multiplayer_C++\BombermanMultiplayerC++\BombermanMultiplayerC++\src\Transform.h(82,30): warning C4244: '=': conversion from 'const float' to 'int', possible loss of data
C:\Users\utente\Desktop\Hard disk vecchio\scola\Anno 3\Softwares\C++\BombermanRepo\Bomberman_Multiplayer_C++\BombermanMultiplayerC++\BombermanMultiplayerC++\src\Transform.h(83,30): warning C4244: '=': conversion from 'const float' to 'int', possible loss of data
C:\Users\utente\Desktop\Hard disk vecchio\scola\Anno 3\Softwares\C++\BombermanRepo\Bomberman_Multiplayer_C++\BombermanMultiplayerC++\BombermanMultiplayerC++\src\Transform.h(93,1): warning C4244: '+=': conversion from 'float' to 'int', possible loss of data
C:\Users\utente\Desktop\Hard disk vecchio\scola\Anno 3\Softwares\C++\BombermanRepo\Bomberman_Multiplayer_C++\BombermanMultiplayerC++\BombermanMultiplayerC++\src\Transform.h(94,1): warning C4244: '+=': conversion from 'float' to 'int', possible loss of data
C:\Users\utente\Desktop\Hard disk vecchio\scola\Anno 3\Softwares\C++\BombermanRepo\Bomberman_Multiplayer_C++\BombermanMultiplayerC++\BombermanMultiplayerC++\src\Player.cpp(75,43): warning C4244: '=': conversion from 'int' to 'float', possible loss of data
C:\Users\utente\Desktop\Hard disk vecchio\scola\Anno 3\Softwares\C++\BombermanRepo\Bomberman_Multiplayer_C++\BombermanMultiplayerC++\BombermanMultiplayerC++\src\Player.cpp(76,43): warning C4244: '=': conversion from 'int' to 'float', possible loss of data
  RigidBody.cpp
C:\Users\utente\Desktop\Hard disk vecchio\scola\Anno 3\Softwares\C++\BombermanRepo\Bomberman_Multiplayer_C++\BombermanMultiplayerC++\BombermanMultiplayerC++\src\byteconverter.cpp(113,2): warning C4091: 'static ': ignored on left of 'byteconverter' when no variable is declared
C:\Users\utente\Desktop\Hard disk vecchio\scola\Anno 3\Softwares\C++\BombermanRepo\Bomberman_Multiplayer_C++\BombermanMultiplayerC++\BombermanMultiplayerC++\src\Transform.h(57,23): warning C4244: '=': conversion from 'int' to 'float', possible loss of data
C:\Users\utente\Desktop\Hard disk vecchio\scola\Anno 3\Softwares\C++\BombermanRepo\Bomberman_Multiplayer_C++\BombermanMultiplayerC++\BombermanMultiplayerC++\src\Transform.h(58,23): warning C4244: '=': conversion from 'int' to 'float', possible loss of data
C:\Users\utente\Desktop\Hard disk vecchio\scola\Anno 3\Softwares\C++\BombermanRepo\Bomberman_Multiplayer_C++\BombermanMultiplayerC++\BombermanMultiplayerC++\src\Transform.h(82,30): warning C4244: '=': conversion from 'const float' to 'int', possible loss of data
C:\Users\utente\Desktop\Hard disk vecchio\scola\Anno 3\Softwares\C++\BombermanRepo\Bomberman_Multiplayer_C++\BombermanMultiplayerC++\BombermanMultiplayerC++\src\Transform.h(83,30): warning C4244: '=': conversion from 'const float' to 'int', possible loss of data
C:\Users\utente\Desktop\Hard disk vecchio\scola\Anno 3\Softwares\C++\BombermanRepo\Bomberman_Multiplayer_C++\BombermanMultiplayerC++\BombermanMultiplayerC++\src\Transform.h(93,1): warning C4244: '+=': conversion from 'float' to 'int', possible loss of data
C:\Users\utente\Desktop\Hard disk vecchio\scola\Anno 3\Softwares\C++\BombermanRepo\Bomberman_Multiplayer_C++\BombermanMultiplayerC++\BombermanMultiplayerC++\src\Transform.h(94,1): warning C4244: '+=': conversion from 'float' to 'int', possible loss of data
  Scene.cpp
C:\Users\utente\Desktop\Hard disk vecchio\scola\Anno 3\Softwares\C++\BombermanRepo\Bomberman_Multiplayer_C++\BombermanMultiplayerC++\BombermanMultiplayerC++\src\byteconverter.cpp(113,2): warning C4091: 'static ': ignored on left of 'byteconverter' when no variable is declared
C:\Users\utente\Desktop\Hard disk vecchio\scola\Anno 3\Softwares\C++\BombermanRepo\Bomberman_Multiplayer_C++\BombermanMultiplayerC++\BombermanMultiplayerC++\src\Transform.h(57,23): warning C4244: '=': conversion from 'int' to 'float', possible loss of data
C:\Users\utente\Desktop\Hard disk vecchio\scola\Anno 3\Softwares\C++\BombermanRepo\Bomberman_Multiplayer_C++\BombermanMultiplayerC++\BombermanMultiplayerC++\src\Transform.h(58,23): warning C4244: '=': conversion from 'int' to 'float', possible loss of data
C:\Users\utente\Desktop\Hard disk vecchio\scola\Anno 3\Softwares\C++\BombermanRepo\Bomberman_Multiplayer_C++\BombermanMultiplayerC++\BombermanMultiplayerC++\src\Transform.h(82,30): warning C4244: '=': conversion from 'const float' to 'int', possible loss of data
C:\Users\utente\Desktop\Hard disk vecchio\scola\Anno 3\Softwares\C++\BombermanRepo\Bomberman_Multiplayer_C++\BombermanMultiplayerC++\BombermanMultiplayerC++\src\Transform.h(83,30): warning C4244: '=': conversion from 'const float' to 'int', possible loss of data
C:\Users\utente\Desktop\Hard disk vecchio\scola\Anno 3\Softwares\C++\BombermanRepo\Bomberman_Multiplayer_C++\BombermanMultiplayerC++\BombermanMultiplayerC++\src\Transform.h(93,1): warning C4244: '+=': conversion from 'float' to 'int', possible loss of data
C:\Users\utente\Desktop\Hard disk vecchio\scola\Anno 3\Softwares\C++\BombermanRepo\Bomberman_Multiplayer_C++\BombermanMultiplayerC++\BombermanMultiplayerC++\src\Transform.h(94,1): warning C4244: '+=': conversion from 'float' to 'int', possible loss of data
  SceneManager.cpp
C:\Users\utente\Desktop\Hard disk vecchio\scola\Anno 3\Softwares\C++\BombermanRepo\Bomberman_Multiplayer_C++\BombermanMultiplayerC++\BombermanMultiplayerC++\src\byteconverter.cpp(113,2): warning C4091: 'static ': ignored on left of 'byteconverter' when no variable is declared
C:\Users\utente\Desktop\Hard disk vecchio\scola\Anno 3\Softwares\C++\BombermanRepo\Bomberman_Multiplayer_C++\BombermanMultiplayerC++\BombermanMultiplayerC++\src\Transform.h(57,23): warning C4244: '=': conversion from 'int' to 'float', possible loss of data
C:\Users\utente\Desktop\Hard disk vecchio\scola\Anno 3\Softwares\C++\BombermanRepo\Bomberman_Multiplayer_C++\BombermanMultiplayerC++\BombermanMultiplayerC++\src\Transform.h(58,23): warning C4244: '=': conversion from 'int' to 'float', possible loss of data
C:\Users\utente\Desktop\Hard disk vecchio\scola\Anno 3\Softwares\C++\BombermanRepo\Bomberman_Multiplayer_C++\BombermanMultiplayerC++\BombermanMultiplayerC++\src\Transform.h(82,30): warning C4244: '=': conversion from 'const float' to 'int', possible loss of data
C:\Users\utente\Desktop\Hard disk vecchio\scola\Anno 3\Softwares\C++\BombermanRepo\Bomberman_Multiplayer_C++\BombermanMultiplayerC++\BombermanMultiplayerC++\src\Transform.h(83,30): warning C4244: '=': conversion from 'const float' to 'int', possible loss of data
C:\Users\utente\Desktop\Hard disk vecchio\scola\Anno 3\Softwares\C++\BombermanRepo\Bomberman_Multiplayer_C++\BombermanMultiplayerC++\BombermanMultiplayerC++\src\Transform.h(93,1): warning C4244: '+=': conversion from 'float' to 'int', possible loss of data
C:\Users\utente\Desktop\Hard disk vecchio\scola\Anno 3\Softwares\C++\BombermanRepo\Bomberman_Multiplayer_C++\BombermanMultiplayerC++\BombermanMultiplayerC++\src\Transform.h(94,1): warning C4244: '+=': conversion from 'float' to 'int', possible loss of data
  SDL_Object.cpp
  TextureFactory.cpp
C:\Users\utente\Desktop\Hard disk vecchio\scola\Anno 3\Softwares\C++\BombermanRepo\Bomberman_Multiplayer_C++\BombermanMultiplayerC++\BombermanMultiplayerC++\src\byteconverter.cpp(113,2): warning C4091: 'static ': ignored on left of 'byteconverter' when no variable is declared
C:\Users\utente\Desktop\Hard disk vecchio\scola\Anno 3\Softwares\C++\BombermanRepo\Bomberman_Multiplayer_C++\BombermanMultiplayerC++\BombermanMultiplayerC++\src\Transform.h(57,23): warning C4244: '=': conversion from 'int' to 'float', possible loss of data
C:\Users\utente\Desktop\Hard disk vecchio\scola\Anno 3\Softwares\C++\BombermanRepo\Bomberman_Multiplayer_C++\BombermanMultiplayerC++\BombermanMultiplayerC++\src\Transform.h(58,23): warning C4244: '=': conversion from 'int' to 'float', possible loss of data
C:\Users\utente\Desktop\Hard disk vecchio\scola\Anno 3\Softwares\C++\BombermanRepo\Bomberman_Multiplayer_C++\BombermanMultiplayerC++\BombermanMultiplayerC++\src\Transform.h(82,30): warning C4244: '=': conversion from 'const float' to 'int', possible loss of data
C:\Users\utente\Desktop\Hard disk vecchio\scola\Anno 3\Softwares\C++\BombermanRepo\Bomberman_Multiplayer_C++\BombermanMultiplayerC++\BombermanMultiplayerC++\src\Transform.h(83,30): warning C4244: '=': conversion from 'const float' to 'int', possible loss of data
C:\Users\utente\Desktop\Hard disk vecchio\scola\Anno 3\Softwares\C++\BombermanRepo\Bomberman_Multiplayer_C++\BombermanMultiplayerC++\BombermanMultiplayerC++\src\Transform.h(93,1): warning C4244: '+=': conversion from 'float' to 'int', possible loss of data
C:\Users\utente\Desktop\Hard disk vecchio\scola\Anno 3\Softwares\C++\BombermanRepo\Bomberman_Multiplayer_C++\BombermanMultiplayerC++\BombermanMultiplayerC++\src\Transform.h(94,1): warning C4244: '+=': conversion from 'float' to 'int', possible loss of data
C:\Users\utente\Desktop\Hard disk vecchio\scola\Anno 3\Softwares\C++\BombermanRepo\Bomberman_Multiplayer_C++\BombermanMultiplayerC++\BombermanMultiplayerC++\src\TextureFactory.cpp(12,44): warning C4267: 'initializing': conversion from 'size_t' to 'int', possible loss of data
  Time.cpp
  Generating Code...
C:\Users\utente\Desktop\Hard disk vecchio\scola\Anno 3\Softwares\C++\BombermanRepo\Bomberman_Multiplayer_C++\BombermanMultiplayerC++\BombermanMultiplayerC++\src\Vector2.h(80): warning C4172: returning address of local variable or temporary
C:\Users\utente\Desktop\Hard disk vecchio\scola\Anno 3\Softwares\C++\BombermanRepo\Bomberman_Multiplayer_C++\BombermanMultiplayerC++\BombermanMultiplayerC++\src\Vector2.h(84): warning C4172: returning address of local variable or temporary
C:\Users\utente\Desktop\Hard disk vecchio\scola\Anno 3\Softwares\C++\BombermanRepo\Bomberman_Multiplayer_C++\BombermanMultiplayerC++\BombermanMultiplayerC++\src\NetworkManager.cpp(113): warning C4715: 'Bomberman::NetworkManager::Initialize': not all control paths return a value
C:\Users\utente\Desktop\Hard disk vecchio\scola\Anno 3\Softwares\C++\BombermanRepo\Bomberman_Multiplayer_C++\BombermanMultiplayerC++\BombermanMultiplayerC++\src\byteconverter.cpp(94): warning C4172: returning address of local variable or temporary: bytes
C:\Users\utente\Desktop\Hard disk vecchio\scola\Anno 3\Softwares\C++\BombermanRepo\Bomberman_Multiplayer_C++\BombermanMultiplayerC++\BombermanMultiplayerC++\src\byteconverter.cpp(100): warning C4172: returning address of local variable or temporary: buffer
C:\Users\utente\Desktop\Hard disk vecchio\scola\Anno 3\Softwares\C++\BombermanRepo\Bomberman_Multiplayer_C++\BombermanMultiplayerC++\BombermanMultiplayerC++\src\Vector2.h(84): warning C4172: returning address of local variable or temporary
C:\Users\utente\Desktop\Hard disk vecchio\scola\Anno 3\Softwares\C++\BombermanRepo\Bomberman_Multiplayer_C++\BombermanMultiplayerC++\BombermanMultiplayerC++\src\Vector2.h(80): warning C4172: returning address of local variable or temporary
C:\Users\utente\Desktop\Hard disk vecchio\scola\Anno 3\Softwares\C++\BombermanRepo\Bomberman_Multiplayer_C++\BombermanMultiplayerC++\BombermanMultiplayerC++\src\byteconverter.cpp(100): warning C4172: returning address of local variable or temporary: buffer
  Compiling...
  UpdateMgr.cpp
  Generating Code...
  BombermanMultiplayerC++.vcxproj -> C:\Users\utente\Desktop\Hard disk vecchio\scola\Anno 3\Softwares\C++\BombermanRepo\Bomberman_Multiplayer_C++\BombermanMultiplayerC++\x64\Debug\BombermanClient.exe
