c:\users\utente\desktop\hard disk vecchio\scola\anno 3\softwares\c++\bombermanrepo\bomberman_multiplayer_c++\bombermanmultiplayerc++\bombermanclient\x64\debug\vc143.pdb
c:\users\utente\desktop\hard disk vecchio\scola\anno 3\softwares\c++\bombermanrepo\bomberman_multiplayer_c++\bombermanmultiplayerc++\bombermanclient\x64\debug\main.obj
c:\users\utente\desktop\hard disk vecchio\scola\anno 3\softwares\c++\bombermanrepo\bomberman_multiplayer_c++\bombermanmultiplayerc++\x64\debug\bombermanclient.pdb
c:\users\utente\desktop\hard disk vecchio\scola\anno 3\softwares\c++\bombermanrepo\bomberman_multiplayer_c++\bombermanmultiplayerc++\bombermanclient\x64\debug\bombermanclient.tlog\cl.command.1.tlog
c:\users\utente\desktop\hard disk vecchio\scola\anno 3\softwares\c++\bombermanrepo\bomberman_multiplayer_c++\bombermanmultiplayerc++\bombermanclient\x64\debug\bombermanclient.tlog\cl.read.1.tlog
c:\users\utente\desktop\hard disk vecchio\scola\anno 3\softwares\c++\bombermanrepo\bomberman_multiplayer_c++\bombermanmultiplayerc++\bombermanclient\x64\debug\bombermanclient.tlog\cl.write.1.tlog
c:\users\utente\desktop\hard disk vecchio\scola\anno 3\softwares\c++\bombermanrepo\bomberman_multiplayer_c++\bombermanmultiplayerc++\bombermanclient\x64\debug\bombermanclient.tlog\link.19512-cvtres.read.1.tlog
c:\users\utente\desktop\hard disk vecchio\scola\anno 3\softwares\c++\bombermanrepo\bomberman_multiplayer_c++\bombermanmultiplayerc++\bombermanclient\x64\debug\bombermanclient.tlog\link.19512-cvtres.write.1.tlog
c:\users\utente\desktop\hard disk vecchio\scola\anno 3\softwares\c++\bombermanrepo\bomberman_multiplayer_c++\bombermanmultiplayerc++\bombermanclient\x64\debug\bombermanclient.tlog\link.19512-rc.read.1.tlog
c:\users\utente\desktop\hard disk vecchio\scola\anno 3\softwares\c++\bombermanrepo\bomberman_multiplayer_c++\bombermanmultiplayerc++\bombermanclient\x64\debug\bombermanclient.tlog\link.19512-rc.write.1.tlog
c:\users\utente\desktop\hard disk vecchio\scola\anno 3\softwares\c++\bombermanrepo\bomberman_multiplayer_c++\bombermanmultiplayerc++\bombermanclient\x64\debug\bombermanclient.tlog\link.19512.read.1.tlog
c:\users\utente\desktop\hard disk vecchio\scola\anno 3\softwares\c++\bombermanrepo\bomberman_multiplayer_c++\bombermanmultiplayerc++\bombermanclient\x64\debug\bombermanclient.tlog\link.19512.read.2.tlog
c:\users\utente\desktop\hard disk vecchio\scola\anno 3\softwares\c++\bombermanrepo\bomberman_multiplayer_c++\bombermanmultiplayerc++\bombermanclient\x64\debug\bombermanclient.tlog\link.19512.write.1.tlog
c:\users\utente\desktop\hard disk vecchio\scola\anno 3\softwares\c++\bombermanrepo\bomberman_multiplayer_c++\bombermanmultiplayerc++\bombermanclient\x64\debug\bombermanclient.tlog\link.19888-cvtres.read.1.tlog
c:\users\utente\desktop\hard disk vecchio\scola\anno 3\softwares\c++\bombermanrepo\bomberman_multiplayer_c++\bombermanmultiplayerc++\bombermanclient\x64\debug\bombermanclient.tlog\link.19888-cvtres.write.1.tlog
c:\users\utente\desktop\hard disk vecchio\scola\anno 3\softwares\c++\bombermanrepo\bomberman_multiplayer_c++\bombermanmultiplayerc++\bombermanclient\x64\debug\bombermanclient.tlog\link.19888-rc.read.1.tlog
c:\users\utente\desktop\hard disk vecchio\scola\anno 3\softwares\c++\bombermanrepo\bomberman_multiplayer_c++\bombermanmultiplayerc++\bombermanclient\x64\debug\bombermanclient.tlog\link.19888-rc.write.1.tlog
c:\users\utente\desktop\hard disk vecchio\scola\anno 3\softwares\c++\bombermanrepo\bomberman_multiplayer_c++\bombermanmultiplayerc++\bombermanclient\x64\debug\bombermanclient.tlog\link.19888.read.1.tlog
c:\users\utente\desktop\hard disk vecchio\scola\anno 3\softwares\c++\bombermanrepo\bomberman_multiplayer_c++\bombermanmultiplayerc++\bombermanclient\x64\debug\bombermanclient.tlog\link.19888.read.2.tlog
c:\users\utente\desktop\hard disk vecchio\scola\anno 3\softwares\c++\bombermanrepo\bomberman_multiplayer_c++\bombermanmultiplayerc++\bombermanclient\x64\debug\bombermanclient.tlog\link.19888.write.1.tlog
c:\users\utente\desktop\hard disk vecchio\scola\anno 3\softwares\c++\bombermanrepo\bomberman_multiplayer_c++\bombermanmultiplayerc++\bombermanclient\x64\debug\bombermanclient.tlog\link.23240-cvtres.read.1.tlog
c:\users\utente\desktop\hard disk vecchio\scola\anno 3\softwares\c++\bombermanrepo\bomberman_multiplayer_c++\bombermanmultiplayerc++\bombermanclient\x64\debug\bombermanclient.tlog\link.23240-cvtres.write.1.tlog
c:\users\utente\desktop\hard disk vecchio\scola\anno 3\softwares\c++\bombermanrepo\bomberman_multiplayer_c++\bombermanmultiplayerc++\bombermanclient\x64\debug\bombermanclient.tlog\link.23240-rc.read.1.tlog
c:\users\utente\desktop\hard disk vecchio\scola\anno 3\softwares\c++\bombermanrepo\bomberman_multiplayer_c++\bombermanmultiplayerc++\bombermanclient\x64\debug\bombermanclient.tlog\link.23240-rc.write.1.tlog
c:\users\utente\desktop\hard disk vecchio\scola\anno 3\softwares\c++\bombermanrepo\bomberman_multiplayer_c++\bombermanmultiplayerc++\bombermanclient\x64\debug\bombermanclient.tlog\link.23240.read.1.tlog
c:\users\utente\desktop\hard disk vecchio\scola\anno 3\softwares\c++\bombermanrepo\bomberman_multiplayer_c++\bombermanmultiplayerc++\bombermanclient\x64\debug\bombermanclient.tlog\link.23240.read.2.tlog
c:\users\utente\desktop\hard disk vecchio\scola\anno 3\softwares\c++\bombermanrepo\bomberman_multiplayer_c++\bombermanmultiplayerc++\bombermanclient\x64\debug\bombermanclient.tlog\link.23240.write.1.tlog
c:\users\utente\desktop\hard disk vecchio\scola\anno 3\softwares\c++\bombermanrepo\bomberman_multiplayer_c++\bombermanmultiplayerc++\bombermanclient\x64\debug\bombermanclient.tlog\link.37020-cvtres.read.1.tlog
c:\users\utente\desktop\hard disk vecchio\scola\anno 3\softwares\c++\bombermanrepo\bomberman_multiplayer_c++\bombermanmultiplayerc++\bombermanclient\x64\debug\bombermanclient.tlog\link.37020-cvtres.write.1.tlog
c:\users\utente\desktop\hard disk vecchio\scola\anno 3\softwares\c++\bombermanrepo\bomberman_multiplayer_c++\bombermanmultiplayerc++\bombermanclient\x64\debug\bombermanclient.tlog\link.37020-rc.read.1.tlog
c:\users\utente\desktop\hard disk vecchio\scola\anno 3\softwares\c++\bombermanrepo\bomberman_multiplayer_c++\bombermanmultiplayerc++\bombermanclient\x64\debug\bombermanclient.tlog\link.37020-rc.write.1.tlog
c:\users\utente\desktop\hard disk vecchio\scola\anno 3\softwares\c++\bombermanrepo\bomberman_multiplayer_c++\bombermanmultiplayerc++\bombermanclient\x64\debug\bombermanclient.tlog\link.37020.read.1.tlog
c:\users\utente\desktop\hard disk vecchio\scola\anno 3\softwares\c++\bombermanrepo\bomberman_multiplayer_c++\bombermanmultiplayerc++\bombermanclient\x64\debug\bombermanclient.tlog\link.37020.read.3.tlog
c:\users\utente\desktop\hard disk vecchio\scola\anno 3\softwares\c++\bombermanrepo\bomberman_multiplayer_c++\bombermanmultiplayerc++\bombermanclient\x64\debug\bombermanclient.tlog\link.37020.write.1.tlog
c:\users\utente\desktop\hard disk vecchio\scola\anno 3\softwares\c++\bombermanrepo\bomberman_multiplayer_c++\bombermanmultiplayerc++\bombermanclient\x64\debug\bombermanclient.tlog\link.command.1.tlog
c:\users\utente\desktop\hard disk vecchio\scola\anno 3\softwares\c++\bombermanrepo\bomberman_multiplayer_c++\bombermanmultiplayerc++\bombermanclient\x64\debug\bombermanclient.tlog\link.read.1.tlog
c:\users\utente\desktop\hard disk vecchio\scola\anno 3\softwares\c++\bombermanrepo\bomberman_multiplayer_c++\bombermanmultiplayerc++\bombermanclient\x64\debug\bombermanclient.tlog\link.write.1.tlog
