e:\hard disk vecchio\scola\anno 3\softwares\c++\bomberman_multiplayer_c++\bombermanmultiplayerc++\bombermanmultiplayerc++\x64\debug\vc142.pdb
e:\hard disk vecchio\scola\anno 3\softwares\c++\bomberman_multiplayer_c++\bombermanmultiplayerc++\bombermanmultiplayerc++\x64\debug\vc142.idb
e:\hard disk vecchio\scola\anno 3\softwares\c++\bomberman_multiplayer_c++\bombermanmultiplayerc++\bombermanmultiplayerc++\x64\debug\updatemgr.obj
e:\hard disk vecchio\scola\anno 3\softwares\c++\bomberman_multiplayer_c++\bombermanmultiplayerc++\bombermanmultiplayerc++\x64\debug\time.obj
e:\hard disk vecchio\scola\anno 3\softwares\c++\bomberman_multiplayer_c++\bombermanmultiplayerc++\bombermanmultiplayerc++\x64\debug\texturefactory.obj
e:\hard disk vecchio\scola\anno 3\softwares\c++\bomberman_multiplayer_c++\bombermanmultiplayerc++\bombermanmultiplayerc++\x64\debug\sdl_object.obj
e:\hard disk vecchio\scola\anno 3\softwares\c++\bomberman_multiplayer_c++\bombermanmultiplayerc++\bombermanmultiplayerc++\x64\debug\rigidbody.obj
e:\hard disk vecchio\scola\anno 3\softwares\c++\bomberman_multiplayer_c++\bombermanmultiplayerc++\bombermanmultiplayerc++\x64\debug\player.obj
e:\hard disk vecchio\scola\anno 3\softwares\c++\bomberman_multiplayer_c++\bombermanmultiplayerc++\bombermanmultiplayerc++\x64\debug\physicsmgr.obj
e:\hard disk vecchio\scola\anno 3\softwares\c++\bomberman_multiplayer_c++\bombermanmultiplayerc++\bombermanmultiplayerc++\x64\debug\onlineplayer.obj
e:\hard disk vecchio\scola\anno 3\softwares\c++\bomberman_multiplayer_c++\bombermanmultiplayerc++\bombermanmultiplayerc++\x64\debug\networkmanager.obj
e:\hard disk vecchio\scola\anno 3\softwares\c++\bomberman_multiplayer_c++\bombermanmultiplayerc++\bombermanmultiplayerc++\x64\debug\map.obj
e:\hard disk vecchio\scola\anno 3\softwares\c++\bomberman_multiplayer_c++\bombermanmultiplayerc++\bombermanmultiplayerc++\x64\debug\main.obj
e:\hard disk vecchio\scola\anno 3\softwares\c++\bomberman_multiplayer_c++\bombermanmultiplayerc++\bombermanmultiplayerc++\x64\debug\iupdatable.obj
e:\hard disk vecchio\scola\anno 3\softwares\c++\bomberman_multiplayer_c++\bombermanmultiplayerc++\bombermanmultiplayerc++\x64\debug\eggsplosion.obj
e:\hard disk vecchio\scola\anno 3\softwares\c++\bomberman_multiplayer_c++\bombermanmultiplayerc++\bombermanmultiplayerc++\x64\debug\eggbomb.obj
e:\hard disk vecchio\scola\anno 3\softwares\c++\bomberman_multiplayer_c++\bombermanmultiplayerc++\bombermanmultiplayerc++\x64\debug\colliderfactory.obj
e:\hard disk vecchio\scola\anno 3\softwares\c++\bomberman_multiplayer_c++\bombermanmultiplayerc++\bombermanmultiplayerc++\x64\debug\collider.obj
e:\hard disk vecchio\scola\anno 3\softwares\c++\bomberman_multiplayer_c++\bombermanmultiplayerc++\bombermanmultiplayerc++\x64\debug\byteconverter.obj
e:\hard disk vecchio\scola\anno 3\softwares\c++\bomberman_multiplayer_c++\bombermanmultiplayerc++\bombermanmultiplayerc++\x64\debug\boxcollider.obj
e:\hard disk vecchio\scola\anno 3\softwares\c++\bomberman_multiplayer_c++\bombermanmultiplayerc++\bombermanmultiplayerc++\x64\debug\actor.obj
e:\hard disk vecchio\scola\anno 3\softwares\c++\bomberman_multiplayer_c++\bombermanmultiplayerc++\x64\debug\bombermanmultiplayerc++.pdb
e:\hard disk vecchio\scola\anno 3\softwares\c++\bomberman_multiplayer_c++\bombermanmultiplayerc++\bombermanmultiplayerc++\x64\debug\bomberma.26b00b3f.tlog\cl.command.1.tlog
e:\hard disk vecchio\scola\anno 3\softwares\c++\bomberman_multiplayer_c++\bombermanmultiplayerc++\bombermanmultiplayerc++\x64\debug\bomberma.26b00b3f.tlog\cl.read.1.tlog
e:\hard disk vecchio\scola\anno 3\softwares\c++\bomberman_multiplayer_c++\bombermanmultiplayerc++\bombermanmultiplayerc++\x64\debug\bomberma.26b00b3f.tlog\cl.write.1.tlog
e:\hard disk vecchio\scola\anno 3\softwares\c++\bomberman_multiplayer_c++\bombermanmultiplayerc++\bombermanmultiplayerc++\x64\debug\bomberma.26b00b3f.tlog\link.6364-cvtres.read.1.tlog
e:\hard disk vecchio\scola\anno 3\softwares\c++\bomberman_multiplayer_c++\bombermanmultiplayerc++\bombermanmultiplayerc++\x64\debug\bomberma.26b00b3f.tlog\link.6364-cvtres.write.1.tlog
e:\hard disk vecchio\scola\anno 3\softwares\c++\bomberman_multiplayer_c++\bombermanmultiplayerc++\bombermanmultiplayerc++\x64\debug\bomberma.26b00b3f.tlog\link.6364-rc.read.1.tlog
e:\hard disk vecchio\scola\anno 3\softwares\c++\bomberman_multiplayer_c++\bombermanmultiplayerc++\bombermanmultiplayerc++\x64\debug\bomberma.26b00b3f.tlog\link.6364-rc.write.1.tlog
e:\hard disk vecchio\scola\anno 3\softwares\c++\bomberman_multiplayer_c++\bombermanmultiplayerc++\bombermanmultiplayerc++\x64\debug\bomberma.26b00b3f.tlog\link.6364.read.1.tlog
e:\hard disk vecchio\scola\anno 3\softwares\c++\bomberman_multiplayer_c++\bombermanmultiplayerc++\bombermanmultiplayerc++\x64\debug\bomberma.26b00b3f.tlog\link.6364.write.1.tlog
e:\hard disk vecchio\scola\anno 3\softwares\c++\bomberman_multiplayer_c++\bombermanmultiplayerc++\bombermanmultiplayerc++\x64\debug\bomberma.26b00b3f.tlog\link.command.1.tlog
e:\hard disk vecchio\scola\anno 3\softwares\c++\bomberman_multiplayer_c++\bombermanmultiplayerc++\bombermanmultiplayerc++\x64\debug\bomberma.26b00b3f.tlog\link.read.1.tlog
e:\hard disk vecchio\scola\anno 3\softwares\c++\bomberman_multiplayer_c++\bombermanmultiplayerc++\bombermanmultiplayerc++\x64\debug\bomberma.26b00b3f.tlog\link.write.1.tlog
